
============================================================
Step 0: Creating CLIENT2 user if not exists
============================================================
CLIENT2 user already exists                                                     

PL/SQL procedure successfully completed.


============================================================
Step 0b: Creating CREPL user if not exists
============================================================
CREPL user already exists                                                       

PL/SQL procedure successfully completed.


============================================================
Step 1: Installing CLIENT1 source tables
============================================================

Session altered.

Installing CLIENT1 test source objects

PL/SQL procedure successfully completed.


Table created.


Index created.


Index created.


430 rows created.


Commit complete.

CLIENT1 test source install completed
Installing CLIENT1 subpartitioned test source objects

PL/SQL procedure successfully completed.


Table created.


Index created.


Index created.


540 rows created.


Commit complete.

CLIENT1 subpartitioned test source install completed
Installing CLIENT1 daily interval-list test source objects

PL/SQL procedure successfully completed.


Table created.


Index created.


Index created.


96 rows created.


Commit complete.


PL/SQL procedure successfully completed.

CLIENT1 daily interval-list test source install completed

============================================================
Step 1b: Installing CLIENT2 source tables
============================================================

Session altered.

Installing CLIENT2 test source objects

PL/SQL procedure successfully completed.


Table created.


Index created.


Index created.


250 rows created.


Commit complete.

CLIENT2 test source install completed
Installing CLIENT2 subpartitioned test source objects

PL/SQL procedure successfully completed.


Table created.


Index created.


Index created.


360 rows created.


Commit complete.

CLIENT2 subpartitioned test source install completed
Installing CLIENT2 daily interval-list test source objects

PL/SQL procedure successfully completed.


Table created.


Index created.


Index created.


96 rows created.


Commit complete.


PL/SQL procedure successfully completed.

CLIENT2 daily interval-list test source install completed

============================================================
Step 2: Granting CLIENT1 access to CAGENT1 and CARCH
============================================================

Session altered.

Granting CLIENT1 test source access to CAGENT1

Grant succeeded.


Grant succeeded.


Grant succeeded.


Grant succeeded.

CLIENT1 grants completed
Granting CLIENT1 subpartitioned test source access to CAGENT1

Grant succeeded.


Grant succeeded.


Grant succeeded.


Grant succeeded.

CLIENT1 subpartitioned grants completed
Granting CLIENT1 daily interval-list test source access to CAGENT1

Grant succeeded.


Grant succeeded.


Grant succeeded.


Grant succeeded.

CLIENT1 daily interval-list grants completed
Granting source-side cleanup administration privileges to CAGENT1

Grant succeeded.

CAGENT1 cleanup administration grants completed

============================================================
Step 2b: Granting CLIENT2 access to CAGENT1 and CARCH
============================================================

Session altered.

Granting CLIENT2 test source access to CAGENT1

Grant succeeded.


Grant succeeded.


Grant succeeded.


Grant succeeded.

CLIENT2 grants completed
Granting CLIENT2 subpartitioned test source access to CAGENT1

Grant succeeded.


Grant succeeded.


Grant succeeded.


Grant succeeded.

CLIENT2 subpartitioned grants completed
Granting CLIENT2 daily interval-list test source access to CAGENT1

Grant succeeded.


Grant succeeded.


Grant succeeded.


Grant succeeded.

CLIENT2 daily interval-list grants completed

============================================================
Step 3: Installing CAGENT1 layer 1 agent
============================================================

Session altered.


Type created.


Type created.


View created.


Package created.


Package body created.

No errors.
No errors.

============================================================
Step 4: Granting CAGENT1 agent access to CARCH
============================================================

Session altered.


Grant succeeded.


Grant succeeded.


Grant succeeded.


Grant succeeded.


============================================================
Step 5: Installing CARCH layer 2 core
============================================================

Session altered.


Sequence created.


Sequence created.


Table created.


Index created.


Table created.


Table created.


Index created.


Index created.


Table created.


Index created.


Function created.


Function created.


Function created.


Package created.


Package body created.


Trigger created.


View created.


View created.


View created.


View created.


View created.


View created.


View created.


View created.


View created.


Package created.


Package body created.


Package created.


Package body created.


Package created.


Package body created.


Package created.


Package body created.


Package created.


Package body created.


Package created.


Package body created.


Package created.


Package body created.


Package created.


Package body created.


Package created.


Package body created.

No errors.
No errors.
No errors.
No errors.
No errors.
No errors.
No errors.
No errors.
No errors.
No errors.
No errors.
No errors.
No errors.
No errors.
No errors.
No errors.
No errors.
No errors.
No errors.
No errors.
No errors.
No errors.
No errors.
No errors.
No errors.
No errors.
No errors.
No errors.

============================================================
Step 6: Granting CREATE DATABASE LINK to CARCH
============================================================

Grant succeeded.


============================================================
Step 7: Creating CLIENT1 loopback DB link (as CARCH)
============================================================

PL/SQL procedure successfully completed.


Database link created.


D                                                                               
-                                                                               
X                                                                               

1 row selected.

============================================================
Reconnecting as SYS
============================================================

============================================================
Step 8: Installing target archive tables
============================================================

Session altered.

Installing CARCH.ORDERS_ARCH_SRC target table

PL/SQL procedure successfully completed.


PL/SQL procedure successfully completed.


Table created.


Index created.


Index created.

CARCH.ORDERS_ARCH_SRC target table install completed
Installing CARCH.ORDERS_SUBPART_SRC target table

PL/SQL procedure successfully completed.


PL/SQL procedure successfully completed.


Table created.


Index created.


Index created.

CARCH.ORDERS_SUBPART_SRC target table install completed
Installing CARCH.ORDERS_DAILY_INT_SRC target table

PL/SQL procedure successfully completed.


Table created.


Index created.


Index created.

CARCH.ORDERS_DAILY_INT_SRC target table install completed
Installing CARCH.ORDERS_ARCH_SRC_2 target table

PL/SQL procedure successfully completed.


PL/SQL procedure successfully completed.


Table created.


Index created.


Index created.

CARCH.ORDERS_ARCH_SRC_2 target table install completed
Installing CARCH.ORDERS_SUBPART_SRC_2 target table

PL/SQL procedure successfully completed.


PL/SQL procedure successfully completed.


Table created.


Index created.


Index created.

CARCH.ORDERS_SUBPART_SRC_2 target table install completed
Installing CARCH.ORDERS_DAILY_INT_SRC_2 target table

PL/SQL procedure successfully completed.


Table created.


Index created.


Index created.

CARCH.ORDERS_DAILY_INT_SRC_2 target table install completed

============================================================
Step 9: Seeding metadata configuration
============================================================

Session altered.

Seeding CLIENT1_LOOPBACK_LINK archive table configuration

1 row merged.


1 row merged.


Commit complete.

CLIENT1_LOOPBACK_LINK archive table configuration seeded
Seeding CLIENT1_LOOPBACK_LINK subpartitioned archive table configuration

1 row merged.


2 rows merged.


Commit complete.

CLIENT1_LOOPBACK_LINK subpartitioned archive table configuration seeded
Seeding CLIENT1_LOOPBACK_LINK daily interval-list archive table configuration

1 row merged.


2 rows merged.


Commit complete.

CLIENT1_LOOPBACK_LINK daily interval-list archive table configuration seeded
Seeding CLIENT2 loopback archive table configuration

1 row merged.


1 row merged.


Commit complete.

CLIENT2 loopback archive table configuration seeded
Seeding CLIENT2 loopback subpartitioned archive table configuration

1 row merged.


2 rows merged.


Commit complete.

CLIENT2 loopback subpartitioned archive table configuration seeded
Seeding CLIENT2 loopback daily interval-list archive table configuration

1 row merged.


2 rows merged.


Commit complete.

CLIENT2 loopback daily interval-list archive table configuration seeded

============================================================
Step 10: Granting CARCH layer 2 access to CREPL
============================================================

Grant succeeded.


Grant succeeded.


Grant succeeded.


Grant succeeded.


============================================================
Step 11: Installing CREPL layer 3 replica core
============================================================

Session altered.

Installing Central Layer 3 Replica core objects

Sequence created.


Sequence created.


Table created.


Index created.


Package created.


Package body created.


Function created.


Package created.


Package body created.

Creating L3 synonyms to layer 2 metadata and data

Synonym created.


Synonym created.


Synonym created.


Synonym created.

L3 synonyms to layer 2 created

Table created.


Table created.


Index created.


Index created.


Table created.


Index created.


View created.


View created.


View created.


View created.


View created.


View created.


View created.


View created.


View created.


View created.


Package created.


Package body created.


Package created.


Package body created.


Package created.


Warning: Package Body created with compilation errors.


Package created.


Package body created.


Package created.


Package body created.


Package created.


Package body created.


Package created.


Package body created.

No errors.
No errors.
No errors.
No errors.
No errors.
No errors.
No errors.
No errors.
No errors.
No errors.
No errors.
No errors.
No errors.
No errors.
No errors.
Errors for PACKAGE BODY PKG_REPLICA_REPLICATE:

LINE/COL ERROR                                                                  
-------- -----------------------------------------------------------------      
158/9    PL/SQL: Statement ignored                                              
158/9    PLS-00201: identifier                                                  
         'PKG_REPLICA_PARTITION.PRC_CREATE_EXCHANGE_STAGING' must be            
         declared                                                               
                                                                                
170/11   PL/SQL: Statement ignored                                              
170/11   PLS-00201: identifier                                                  
         'PKG_REPLICA_PARTITION.PRC_LOAD_EXCHANGE_STAGING_SUBPARTITION'         
         must be declared                                                       
                                                                                
185/11   PL/SQL: Statement ignored                                              

LINE/COL ERROR                                                                  
-------- -----------------------------------------------------------------      
185/11   PLS-00201: identifier                                                  
         'PKG_REPLICA_PARTITION.PRC_LOAD_EXCHANGE_STAGING' must be              
         declared                                                               
                                                                                
201/9    PL/SQL: Statement ignored                                              
201/9    PLS-00201: identifier                                                  
         'PKG_REPLICA_PARTITION.PRC_BUILD_STAGING_INDEXES' must be              
         declared                                                               
                                                                                
213/11   PL/SQL: Statement ignored                                              
213/11   PLS-00201: identifier                                                  

LINE/COL ERROR                                                                  
-------- -----------------------------------------------------------------      
         'PKG_REPLICA_PARTITION.PRC_EXCHANGE_SUBPARTITION' must be              
         declared                                                               
                                                                                
223/11   PL/SQL: Statement ignored                                              
223/11   PLS-00201: identifier                                                  
         'PKG_REPLICA_PARTITION.PRC_EXCHANGE_PARTITION' must be declared        
                                                                                
234/9    PL/SQL: Statement ignored                                              
234/9    PLS-00201: identifier 'PKG_REPLICA_PARTITION.PRC_DROP_STAGING'         
         must be declared                                                       
                                                                                
No errors.
No errors.
No errors.
No errors.
No errors.
No errors.
No errors.
No errors.
Central Layer 3 Replica core install completed

============================================================
Step 12: Installing CREPL replica target tables
============================================================

Session altered.

Installing CREPL.ORDERS_ARCH_SRC replica target table

PL/SQL procedure successfully completed.


Table created.


Index created.


Index created.

CREPL.ORDERS_ARCH_SRC replica target table install completed
Installing CREPL.ORDERS_SUBPART_SRC replica target table

PL/SQL procedure successfully completed.


Table created.


Index created.


Index created.

CREPL.ORDERS_SUBPART_SRC replica target table install completed

============================================================
Step 13: Seeding CREPL replica metadata
============================================================

Session altered.

Seeding LOCAL.CARCH.ORDERS_ARCH_SRC replica configuration

1 row merged.


1 row merged.


Commit complete.

LOCAL.CARCH.ORDERS_ARCH_SRC replica configuration seeded
Seeding LOCAL.CARCH.ORDERS_SUBPART_SRC replica configuration

1 row merged.


2 rows merged.


Commit complete.

LOCAL.CARCH.ORDERS_SUBPART_SRC replica configuration seeded

============================================================
Full reinstall completed.
Check full_reinstall.log for details.
============================================================

============================================================
Installed objects per schema:
============================================================
CAGENT1   PACKAGE             1                                                 
CAGENT1   PACKAGE BODY        1                                                 
CAGENT1   TYPE                2                                                 
CAGENT1   VIEW                1                                                 
CARCH     DATABASE LINK       1                                                 
CARCH     FUNCTION            3                                                 
CARCH     INDEX               23                                                
CARCH     INDEX PARTITION     15                                                
CARCH     INDEX SUBPARTITION  16                                                
CARCH     LOB                 2                                                 
CARCH     LOB PARTITION       2                                                 
CARCH     PACKAGE             10                                                
CARCH     PACKAGE BODY        10                                                
CARCH     SEQUENCE            3                                                 
CARCH     TABLE               10                                                
CARCH     TABLE PARTITION     7                                                 
CARCH     TABLE SUBPARTITION  8                                                 
CARCH     TRIGGER             1                                                 
CARCH     VIEW                5                                                 
CLIENT1   INDEX               7                                                 
CLIENT1   INDEX PARTITION     58                                                
CLIENT1   INDEX SUBPARTITION  68                                                
CLIENT1   TABLE               3                                                 
CLIENT1   TABLE PARTITION     29                                                
CLIENT1   TABLE SUBPARTITION  34                                                
CLIENT2   INDEX               7                                                 
CLIENT2   INDEX PARTITION     34                                                
CLIENT2   INDEX SUBPARTITION  44                                                
CLIENT2   TABLE               3                                                 
CLIENT2   TABLE PARTITION     17                                                
CLIENT2   TABLE SUBPARTITION  22                                                
CREPL     FUNCTION            1                                                 
CREPL     INDEX               15                                                
CREPL     INDEX PARTITION     7                                                 
CREPL     INDEX SUBPARTITION  4                                                 
CREPL     LOB                 2                                                 
CREPL     LOB PARTITION       2                                                 
CREPL     PACKAGE             9                                                 
CREPL     PACKAGE BODY        9                                                 
CREPL     SEQUENCE            3                                                 
CREPL     SYNONYM             4                                                 
CREPL     TABLE               6                                                 
CREPL     TABLE PARTITION     3                                                 
CREPL     TABLE SUBPARTITION  2                                                 
CREPL     VIEW                5                                                 
SEQUENCE     2 in CARCH                                                         

PL/SQL procedure successfully completed.


SUMMARY                                                                         
-------------------------------------------------------------------             
CARCH: 116 objects installed                                                    
CAGENT1: 5 objects installed                                                    
CLIENT1: 199 objects installed                                                  
CLIENT2: 127 objects installed                                                  
CREPL: 72 objects installed                                                     

5 rows selected.

