== BEFORE_CANDIDATES ==

RETENTION_RULE		       CUTOFF_DAT	 CNT
------------------------------ ---------- ----------
EOD-90			       2026-02-27	  40

== TRUNCATE_PREVIEW ==
prc_init_log
Local log table MD_PROCESS_LOG or synonym already exists
Local log sequence MD_PROCESS_LOG_SEQ or synonym already exists
Calling procedure PKG_TL_LOGGING.prc_log_cleanup_table
Drop partitions for table MD_PROCESS_LOG
  older than 90 days
  older than 27-02-2026 19:02:41
Completed procedure PKG_TL_LOGGING.prc_log_cleanup_table
TRUNCATE CLIENT1_LOOPBACK_LINK.CLIENT1.ORDERS_ARCH_SRC source=P202401 target=P202401 cutoff=2026-02-27 execute=N
TRUNCATE CLIENT1_LOOPBACK_LINK.CLIENT1.ORDERS_ARCH_SRC source=P202402 target=P202402 cutoff=2026-02-27 execute=N
TRUNCATE CLIENT1_LOOPBACK_LINK.CLIENT1.ORDERS_ARCH_SRC source=P202403 target=P202403 cutoff=2026-02-27 execute=N
TRUNCATE CLIENT1_LOOPBACK_LINK.CLIENT1.ORDERS_ARCH_SRC source=P202404 target=P202404 cutoff=2026-02-27 execute=N
TRUNCATE CLIENT1_LOOPBACK_LINK.CLIENT1.ORDERS_DAILY_INT_SRC source=P20240501.P20240501_SP_OPEN target=P20240501.P20240501_SP_OPEN cutoff=2026-02-27 execute=N
TRUNCATE CLIENT1_LOOPBACK_LINK.CLIENT1.ORDERS_DAILY_INT_SRC source=P20240501.P20240501_SP_DONE target=P20240501.P20240501_SP_DONE cutoff=2026-02-27 execute=N
TRUNCATE CLIENT1_LOOPBACK_LINK.CLIENT1.ORDERS_DAILY_INT_SRC source=P20240502.SYS_SUBP8545 target=P20240502.P20240502_SP_OPEN cutoff=2026-02-27 execute=N
TRUNCATE CLIENT1_LOOPBACK_LINK.CLIENT1.ORDERS_DAILY_INT_SRC source=P20240502.SYS_SUBP8546 target=P20240502.P20240502_SP_DONE cutoff=2026-02-27 execute=N
TRUNCATE CLIENT1_LOOPBACK_LINK.CLIENT1.ORDERS_DAILY_INT_SRC source=P20240503.SYS_SUBP8548 target=P20240503.P20240503_SP_OPEN cutoff=2026-02-27 execute=N
TRUNCATE CLIENT1_LOOPBACK_LINK.CLIENT1.ORDERS_DAILY_INT_SRC source=P20240503.SYS_SUBP8549 target=P20240503.P20240503_SP_DONE cutoff=2026-02-27 execute=N
TRUNCATE CLIENT1_LOOPBACK_LINK.CLIENT1.ORDERS_DAILY_INT_SRC source=P20240504.SYS_SUBP8551 target=P20240504.P20240504_SP_OPEN cutoff=2026-02-27 execute=N
TRUNCATE CLIENT1_LOOPBACK_LINK.CLIENT1.ORDERS_DAILY_INT_SRC source=P20240504.SYS_SUBP8552 target=P20240504.P20240504_SP_DONE cutoff=2026-02-27 execute=N
TRUNCATE CLIENT1_LOOPBACK_LINK.CLIENT1.ORDERS_SUBPART_SRC source=P202401.P202401_SP_OPEN target=P202401.P202401_SP_OPEN cutoff=2026-02-27 execute=N
TRUNCATE CLIENT1_LOOPBACK_LINK.CLIENT1.ORDERS_SUBPART_SRC source=P202401.P202401_SP_DONE target=P202401.P202401_SP_DONE cutoff=2026-02-27 execute=N
TRUNCATE CLIENT1_LOOPBACK_LINK.CLIENT1.ORDERS_SUBPART_SRC source=P202402.P202402_SP_OPEN target=P202402.P202402_SP_OPEN cutoff=2026-02-27 execute=N
TRUNCATE CLIENT1_LOOPBACK_LINK.CLIENT1.ORDERS_SUBPART_SRC source=P202402.P202402_SP_DONE target=P202402.P202402_SP_DONE cutoff=2026-02-27 execute=N
TRUNCATE CLIENT1_LOOPBACK_LINK.CLIENT1.ORDERS_SUBPART_SRC source=P202403.P202403_SP_OPEN target=P202403.P202403_SP_OPEN cutoff=2026-02-27 execute=N
TRUNCATE CLIENT1_LOOPBACK_LINK.CLIENT1.ORDERS_SUBPART_SRC source=P202403.P202403_SP_DONE target=P202403.P202403_SP_DONE cutoff=2026-02-27 execute=N
TRUNCATE CLIENT1_LOOPBACK_LINK.CLIENT1.ORDERS_SUBPART_SRC source=P202404.P202404_SP_OPEN target=P202404.P202404_SP_OPEN cutoff=2026-02-27 execute=N
TRUNCATE CLIENT1_LOOPBACK_LINK.CLIENT1.ORDERS_SUBPART_SRC source=P202404.P202404_SP_DONE target=P202404.P202404_SP_DONE cutoff=2026-02-27 execute=N
TRUNCATE CLIENT1_LOOPBACK_LINK.CLIENT2.ORDERS_ARCH_SRC source=P202401 target=P202401 cutoff=2026-02-27 execute=N
TRUNCATE CLIENT1_LOOPBACK_LINK.CLIENT2.ORDERS_ARCH_SRC source=P202402 target=P202402 cutoff=2026-02-27 execute=N
TRUNCATE CLIENT1_LOOPBACK_LINK.CLIENT2.ORDERS_ARCH_SRC source=P202403 target=P202403 cutoff=2026-02-27 execute=N
TRUNCATE CLIENT1_LOOPBACK_LINK.CLIENT2.ORDERS_ARCH_SRC source=P202404 target=P202404 cutoff=2026-02-27 execute=N
TRUNCATE CLIENT1_LOOPBACK_LINK.CLIENT2.ORDERS_DAILY_INT_SRC source=P20240501.P20240501_SP_OPEN target=P20240501.P20240501_SP_OPEN cutoff=2026-02-27 execute=N
TRUNCATE CLIENT1_LOOPBACK_LINK.CLIENT2.ORDERS_DAILY_INT_SRC source=P20240501.P20240501_SP_DONE target=P20240501.P20240501_SP_DONE cutoff=2026-02-27 execute=N
TRUNCATE CLIENT1_LOOPBACK_LINK.CLIENT2.ORDERS_DAILY_INT_SRC source=P20240502.SYS_SUBP8554 target=P20240502.P20240502_SP_OPEN cutoff=2026-02-27 execute=N
TRUNCATE CLIENT1_LOOPBACK_LINK.CLIENT2.ORDERS_DAILY_INT_SRC source=P20240502.SYS_SUBP8555 target=P20240502.P20240502_SP_DONE cutoff=2026-02-27 execute=N
TRUNCATE CLIENT1_LOOPBACK_LINK.CLIENT2.ORDERS_DAILY_INT_SRC source=P20240503.SYS_SUBP8557 target=P20240503.P20240503_SP_OPEN cutoff=2026-02-27 execute=N
TRUNCATE CLIENT1_LOOPBACK_LINK.CLIENT2.ORDERS_DAILY_INT_SRC source=P20240503.SYS_SUBP8558 target=P20240503.P20240503_SP_DONE cutoff=2026-02-27 execute=N
TRUNCATE CLIENT1_LOOPBACK_LINK.CLIENT2.ORDERS_DAILY_INT_SRC source=P20240504.SYS_SUBP8560 target=P20240504.P20240504_SP_OPEN cutoff=2026-02-27 execute=N
TRUNCATE CLIENT1_LOOPBACK_LINK.CLIENT2.ORDERS_DAILY_INT_SRC source=P20240504.SYS_SUBP8561 target=P20240504.P20240504_SP_DONE cutoff=2026-02-27 execute=N
TRUNCATE CLIENT1_LOOPBACK_LINK.CLIENT2.ORDERS_SUBPART_SRC source=P202401.P202401_SP_OPEN target=P202401.P202401_SP_OPEN cutoff=2026-02-27 execute=N
TRUNCATE CLIENT1_LOOPBACK_LINK.CLIENT2.ORDERS_SUBPART_SRC source=P202401.P202401_SP_DONE target=P202401.P202401_SP_DONE cutoff=2026-02-27 execute=N
TRUNCATE CLIENT1_LOOPBACK_LINK.CLIENT2.ORDERS_SUBPART_SRC source=P202402.P202402_SP_OPEN target=P202402.P202402_SP_OPEN cutoff=2026-02-27 execute=N
TRUNCATE CLIENT1_LOOPBACK_LINK.CLIENT2.ORDERS_SUBPART_SRC source=P202402.P202402_SP_DONE target=P202402.P202402_SP_DONE cutoff=2026-02-27 execute=N
TRUNCATE CLIENT1_LOOPBACK_LINK.CLIENT2.ORDERS_SUBPART_SRC source=P202403.P202403_SP_OPEN target=P202403.P202403_SP_OPEN cutoff=2026-02-27 execute=N
TRUNCATE CLIENT1_LOOPBACK_LINK.CLIENT2.ORDERS_SUBPART_SRC source=P202403.P202403_SP_DONE target=P202403.P202403_SP_DONE cutoff=2026-02-27 execute=N
TRUNCATE CLIENT1_LOOPBACK_LINK.CLIENT2.ORDERS_SUBPART_SRC source=P202404.P202404_SP_OPEN target=P202404.P202404_SP_OPEN cutoff=2026-02-27 execute=N
TRUNCATE CLIENT1_LOOPBACK_LINK.CLIENT2.ORDERS_SUBPART_SRC source=P202404.P202404_SP_DONE target=P202404.P202404_SP_DONE cutoff=2026-02-27 execute=N
TRUNCATE tables=6 units=40 found=40 truncated=0 target_owner=<ALL> target_table=<ALL> execute=N

PL/SQL procedure successfully completed.

== AFTER_METADATA_STATUS ==

T	 CNT
- ----------
N	  40
Y	  10

